# JRE version: OpenJDK Runtime Environment Temurin-17.0.13+11 (17.0.13+11) (build 17.0.13+11)
# Java VM: OpenJDK 64-Bit Server VM Temurin-17.0.13+11 (17.0.13+11, mixed mode, tiered, compressed oops, compressed class ptrs, parallel gc, windows-amd64)
GC Precious Log:
 CPUs: 16 total, 16 available
 Memory: 32716M
 Large Page Support: Disabled
 NUMA Support: Disabled
 Compressed Oops: Enabled (32-bit)
 Alignments: Space 512K, Generation 512K, Heap 2M
 Heap Min Capacity: 100M
 Heap Initial Capacity: 100M
 Heap Max Capacity: 1G
 Pre-touch: Disabled
 Parallel Workers: 13
Heap:
 PSYoungGen      total 28160K, used 20442K [0x00000000eab00000, 0x00000000ecd00000, 0x0000000100000000)
  eden space 21504K, 64% used [0x00000000eab00000,0x00000000eb87b068,0x00000000ec000000)
  from space 6656K, 99% used [0x00000000ec000000,0x00000000ec67bb08,0x00000000ec680000)
  to   space 6656K, 0% used [0x00000000ec680000,0x00000000ec680000,0x00000000ecd00000)
 ParOldGen       total 93696K, used 90181K [0x00000000c0000000, 0x00000000c5b80000, 0x00000000eab00000)
  object space 93696K, 96% used [0x00000000c0000000,0x00000000c5811610,0x00000000c5b80000)
 Metaspace       used 65998K, committed 67200K, reserved 1114112K
  class space    used 7004K, committed 7552K, reserved 1048576K
GC Heap History (20 events):
Event: 13.255 GC heap before
{Heap before GC invocations=33 (full 3):
 PSYoungGen      total 23040K, used 22122K [0x00000000eab00000, 0x00000000ec880000, 0x0000000100000000)
  eden space 21504K, 99% used [0x00000000eab00000,0x00000000ebff84d8,0x00000000ec000000)
  from space 1536K, 42% used [0x00000000ec600000,0x00000000ec6a24f0,0x00000000ec780000)
  to   space 1024K, 0% used [0x00000000ec780000,0x00000000ec780000,0x00000000ec880000)
 ParOldGen       total 68608K, used 36906K [0x00000000c0000000, 0x00000000c4300000, 0x00000000eab00000)
  object space 68608K, 53% used [0x00000000c0000000,0x00000000c240abd8,0x00000000c4300000)
 Metaspace       used 64647K, committed 65920K, reserved 1114112K
  class space    used 6892K, committed 7488K, reserved 1048576K
}
Event: 13.258 GC heap after
{Heap after GC invocations=33 (full 3):
 PSYoungGen      total 22528K, used 993K [0x00000000eab00000, 0x00000000ec880000, 0x0000000100000000)
  eden space 21504K, 0% used [0x00000000eab00000,0x00000000eab00000,0x00000000ec000000)
  from space 1024K, 97% used [0x00000000ec780000,0x00000000ec878560,0x00000000ec880000)
  to   space 3584K, 0% used [0x00000000ec180000,0x00000000ec180000,0x00000000ec500000)
 ParOldGen       total 68608K, used 39046K [0x00000000c0000000, 0x00000000c4300000, 0x00000000eab00000)
  object space 68608K, 56% used [0x00000000c0000000,0x00000000c2621a48,0x00000000c4300000)
 Metaspace       used 64647K, committed 65920K, reserved 1114112K
  class space    used 6892K, committed 7488K, reserved 1048576K
}
Event: 13.312 GC heap before
{Heap before GC invocations=34 (full 3):
 PSYoungGen      total 22528K, used 17445K [0x00000000eab00000, 0x00000000ec880000, 0x0000000100000000)
  eden space 21504K, 76% used [0x00000000eab00000,0x00000000ebb11288,0x00000000ec000000)
  from space 1024K, 97% used [0x00000000ec780000,0x00000000ec878560,0x00000000ec880000)
  to   space 3584K, 0% used [0x00000000ec180000,0x00000000ec180000,0x00000000ec500000)
 ParOldGen       total 68608K, used 39046K [0x00000000c0000000, 0x00000000c4300000, 0x00000000eab00000)
  object space 68608K, 56% used [0x00000000c0000000,0x00000000c2621a48,0x00000000c4300000)
 Metaspace       used 65035K, committed 66240K, reserved 1114112K
  class space    used 6926K, committed 7488K, reserved 1048576K
}
Event: 13.315 GC heap after
{Heap after GC invocations=34 (full 3):
 PSYoungGen      total 25088K, used 1897K [0x00000000eab00000, 0x00000000ec800000, 0x0000000100000000)
  eden space 21504K, 0% used [0x00000000eab00000,0x00000000eab00000,0x00000000ec000000)
  from space 3584K, 52% used [0x00000000ec180000,0x00000000ec35a780,0x00000000ec500000)
  to   space 2560K, 0% used [0x00000000ec580000,0x00000000ec580000,0x00000000ec800000)
 ParOldGen       total 68608K, used 43854K [0x00000000c0000000, 0x00000000c4300000, 0x00000000eab00000)
  object space 68608K, 63% used [0x00000000c0000000,0x00000000c2ad3b18,0x00000000c4300000)
 Metaspace       used 65035K, committed 66240K, reserved 1114112K
  class space    used 6926K, committed 7488K, reserved 1048576K
}
Event: 13.335 GC heap before
{Heap before GC invocations=35 (full 3):
 PSYoungGen      total 25088K, used 23401K [0x00000000eab00000, 0x00000000ec800000, 0x0000000100000000)
  eden space 21504K, 100% used [0x00000000eab00000,0x00000000ec000000,0x00000000ec000000)
  from space 3584K, 52% used [0x00000000ec180000,0x00000000ec35a780,0x00000000ec500000)
  to   space 2560K, 0% used [0x00000000ec580000,0x00000000ec580000,0x00000000ec800000)
 ParOldGen       total 68608K, used 59174K [0x00000000c0000000, 0x00000000c4300000, 0x00000000eab00000)
  object space 68608K, 86% used [0x00000000c0000000,0x00000000c39c9b28,0x00000000c4300000)
 Metaspace       used 65099K, committed 66304K, reserved 1114112K
  class space    used 6931K, committed 7488K, reserved 1048576K
}
Event: 13.337 GC heap after
{Heap after GC invocations=35 (full 3):
 PSYoungGen      total 23552K, used 1824K [0x00000000eab00000, 0x00000000ec780000, 0x0000000100000000)
  eden space 21504K, 0% used [0x00000000eab00000,0x00000000eab00000,0x00000000ec000000)
  from space 2048K, 89% used [0x00000000ec580000,0x00000000ec748000,0x00000000ec780000)
  to   space 2048K, 0% used [0x00000000ec380000,0x00000000ec380000,0x00000000ec580000)
 ParOldGen       total 68608K, used 60912K [0x00000000c0000000, 0x00000000c4300000, 0x00000000eab00000)
  object space 68608K, 88% used [0x00000000c0000000,0x00000000c3b7c2a8,0x00000000c4300000)
 Metaspace       used 65099K, committed 66304K, reserved 1114112K
  class space    used 6931K, committed 7488K, reserved 1048576K
}
Event: 13.353 GC heap before
{Heap before GC invocations=36 (full 3):
 PSYoungGen      total 23552K, used 23328K [0x00000000eab00000, 0x00000000ec780000, 0x0000000100000000)
  eden space 21504K, 100% used [0x00000000eab00000,0x00000000ec000000,0x00000000ec000000)
  from space 2048K, 89% used [0x00000000ec580000,0x00000000ec748000,0x00000000ec780000)
  to   space 2048K, 0% used [0x00000000ec380000,0x00000000ec380000,0x00000000ec580000)
 ParOldGen       total 68608K, used 60912K [0x00000000c0000000, 0x00000000c4300000, 0x00000000eab00000)
  object space 68608K, 88% used [0x00000000c0000000,0x00000000c3b7c2a8,0x00000000c4300000)
 Metaspace       used 65147K, committed 66432K, reserved 1114112K
  class space    used 6939K, committed 7488K, reserved 1048576K
}
Event: 13.359 GC heap after
{Heap after GC invocations=36 (full 3):
 PSYoungGen      total 22528K, used 1024K [0x00000000eab00000, 0x00000000ec600000, 0x0000000100000000)
  eden space 21504K, 0% used [0x00000000eab00000,0x00000000eab00000,0x00000000ec000000)
  from space 1024K, 100% used [0x00000000ec380000,0x00000000ec480000,0x00000000ec480000)
  to   space 1536K, 0% used [0x00000000ec480000,0x00000000ec480000,0x00000000ec600000)
 ParOldGen       total 79872K, used 73558K [0x00000000c0000000, 0x00000000c4e00000, 0x00000000eab00000)
  object space 79872K, 92% used [0x00000000c0000000,0x00000000c47d5988,0x00000000c4e00000)
 Metaspace       used 65147K, committed 66432K, reserved 1114112K
  class space    used 6939K, committed 7488K, reserved 1048576K
}
Event: 13.374 GC heap before
{Heap before GC invocations=37 (full 4):
 PSYoungGen      total 22528K, used 22528K [0x00000000eab00000, 0x00000000ec600000, 0x0000000100000000)
  eden space 21504K, 100% used [0x00000000eab00000,0x00000000ec000000,0x00000000ec000000)
  from space 1024K, 100% used [0x00000000ec380000,0x00000000ec480000,0x00000000ec480000)
  to   space 1536K, 0% used [0x00000000ec480000,0x00000000ec480000,0x00000000ec600000)
 ParOldGen       total 79872K, used 73558K [0x00000000c0000000, 0x00000000c4e00000, 0x00000000eab00000)
  object space 79872K, 92% used [0x00000000c0000000,0x00000000c47d5988,0x00000000c4e00000)
 Metaspace       used 65253K, committed 66560K, reserved 1114112K
  class space    used 6949K, committed 7552K, reserved 1048576K
}
Event: 13.410 GC heap after
{Heap after GC invocations=37 (full 4):
 PSYoungGen      total 22016K, used 0K [0x00000000eab00000, 0x00000000ec500000, 0x0000000100000000)
  eden space 21504K, 0% used [0x00000000eab00000,0x00000000eab00000,0x00000000ec000000)
  from space 512K, 0% used [0x00000000ec480000,0x00000000ec480000,0x00000000ec500000)
  to   space 1536K, 0% used [0x00000000ec200000,0x00000000ec200000,0x00000000ec380000)
 ParOldGen       total 93696K, used 53995K [0x00000000c0000000, 0x00000000c5b80000, 0x00000000eab00000)
  object space 93696K, 57% used [0x00000000c0000000,0x00000000c34bafb0,0x00000000c5b80000)
 Metaspace       used 65253K, committed 66560K, reserved 1114112K
  class space    used 6949K, committed 7552K, reserved 1048576K
}
Event: 13.427 GC heap before
{Heap before GC invocations=38 (full 4):
 PSYoungGen      total 22016K, used 21504K [0x00000000eab00000, 0x00000000ec500000, 0x0000000100000000)
  eden space 21504K, 100% used [0x00000000eab00000,0x00000000ec000000,0x00000000ec000000)
  from space 512K, 0% used [0x00000000ec480000,0x00000000ec480000,0x00000000ec500000)
  to   space 1536K, 0% used [0x00000000ec200000,0x00000000ec200000,0x00000000ec380000)
 ParOldGen       total 93696K, used 53995K [0x00000000c0000000, 0x00000000c5b80000, 0x00000000eab00000)
  object space 93696K, 57% used [0x00000000c0000000,0x00000000c34bafb0,0x00000000c5b80000)
 Metaspace       used 65341K, committed 66624K, reserved 1114112K
  class space    used 6955K, committed 7552K, reserved 1048576K
}
Event: 13.431 GC heap after
{Heap after GC invocations=38 (full 4):
 PSYoungGen      total 23040K, used 1536K [0x00000000eab00000, 0x00000000ecd00000, 0x0000000100000000)
  eden space 21504K, 0% used [0x00000000eab00000,0x00000000eab00000,0x00000000ec000000)
  from space 1536K, 100% used [0x00000000ec200000,0x00000000ec380000,0x00000000ec380000)
  to   space 6656K, 0% used [0x00000000ec680000,0x00000000ec680000,0x00000000ecd00000)
 ParOldGen       total 93696K, used 57915K [0x00000000c0000000, 0x00000000c5b80000, 0x00000000eab00000)
  object space 93696K, 61% used [0x00000000c0000000,0x00000000c388efb0,0x00000000c5b80000)
 Metaspace       used 65341K, committed 66624K, reserved 1114112K
  class space    used 6955K, committed 7552K, reserved 1048576K
}
Event: 13.451 GC heap before
{Heap before GC invocations=39 (full 4):
 PSYoungGen      total 23040K, used 23040K [0x00000000eab00000, 0x00000000ecd00000, 0x0000000100000000)
  eden space 21504K, 100% used [0x00000000eab00000,0x00000000ec000000,0x00000000ec000000)
  from space 1536K, 100% used [0x00000000ec200000,0x00000000ec380000,0x00000000ec380000)
  to   space 6656K, 0% used [0x00000000ec680000,0x00000000ec680000,0x00000000ecd00000)
 ParOldGen       total 93696K, used 57915K [0x00000000c0000000, 0x00000000c5b80000, 0x00000000eab00000)
  object space 93696K, 61% used [0x00000000c0000000,0x00000000c388efb0,0x00000000c5b80000)
 Metaspace       used 65405K, committed 66688K, reserved 1114112K
  class space    used 6960K, committed 7552K, reserved 1048576K
}
Event: 13.454 GC heap after
{Heap after GC invocations=39 (full 4):
 PSYoungGen      total 28160K, used 6208K [0x00000000eab00000, 0x00000000ecd00000, 0x0000000100000000)
  eden space 21504K, 0% used [0x00000000eab00000,0x00000000eab00000,0x00000000ec000000)
  from space 6656K, 93% used [0x00000000ec680000,0x00000000ecc90010,0x00000000ecd00000)
  to   space 6656K, 0% used [0x00000000ec000000,0x00000000ec000000,0x00000000ec680000)
 ParOldGen       total 93696K, used 59475K [0x00000000c0000000, 0x00000000c5b80000, 0x00000000eab00000)
  object space 93696K, 63% used [0x00000000c0000000,0x00000000c3a14fb0,0x00000000c5b80000)
 Metaspace       used 65405K, committed 66688K, reserved 1114112K
  class space    used 6960K, committed 7552K, reserved 1048576K
}
Event: 13.472 GC heap before
{Heap before GC invocations=40 (full 4):
 PSYoungGen      total 28160K, used 27712K [0x00000000eab00000, 0x00000000ecd00000, 0x0000000100000000)
  eden space 21504K, 100% used [0x00000000eab00000,0x00000000ec000000,0x00000000ec000000)
  from space 6656K, 93% used [0x00000000ec680000,0x00000000ecc90010,0x00000000ecd00000)
  to   space 6656K, 0% used [0x00000000ec000000,0x00000000ec000000,0x00000000ec680000)
 ParOldGen       total 93696K, used 59475K [0x00000000c0000000, 0x00000000c5b80000, 0x00000000eab00000)
  object space 93696K, 63% used [0x00000000c0000000,0x00000000c3a14fb0,0x00000000c5b80000)
 Metaspace       used 65571K, committed 66816K, reserved 1114112K
  class space    used 6975K, committed 7552K, reserved 1048576K
}
Event: 13.476 GC heap after
{Heap after GC invocations=40 (full 4):
 PSYoungGen      total 28160K, used 6649K [0x00000000eab00000, 0x00000000ecd00000, 0x0000000100000000)
  eden space 21504K, 0% used [0x00000000eab00000,0x00000000eab00000,0x00000000ec000000)
  from space 6656K, 99% used [0x00000000ec000000,0x00000000ec67e460,0x00000000ec680000)
  to   space 6656K, 0% used [0x00000000ec680000,0x00000000ec680000,0x00000000ecd00000)
 ParOldGen       total 93696K, used 66187K [0x00000000c0000000, 0x00000000c5b80000, 0x00000000eab00000)
  object space 93696K, 70% used [0x00000000c0000000,0x00000000c40a2fc0,0x00000000c5b80000)
 Metaspace       used 65571K, committed 66816K, reserved 1114112K
  class space    used 6975K, committed 7552K, reserved 1048576K
}
Event: 13.508 GC heap before
{Heap before GC invocations=41 (full 4):
 PSYoungGen      total 28160K, used 28153K [0x00000000eab00000, 0x00000000ecd00000, 0x0000000100000000)
  eden space 21504K, 100% used [0x00000000eab00000,0x00000000ec000000,0x00000000ec000000)
  from space 6656K, 99% used [0x00000000ec000000,0x00000000ec67e460,0x00000000ec680000)
  to   space 6656K, 0% used [0x00000000ec680000,0x00000000ec680000,0x00000000ecd00000)
 ParOldGen       total 93696K, used 66187K [0x00000000c0000000, 0x00000000c5b80000, 0x00000000eab00000)
  object space 93696K, 70% used [0x00000000c0000000,0x00000000c40a2fc0,0x00000000c5b80000)
 Metaspace       used 65818K, committed 67072K, reserved 1114112K
  class space    used 6989K, committed 7552K, reserved 1048576K
}
Event: 13.515 GC heap after
{Heap after GC invocations=41 (full 4):
 PSYoungGen      total 28160K, used 6640K [0x00000000eab00000, 0x00000000ecd00000, 0x0000000100000000)
  eden space 21504K, 0% used [0x00000000eab00000,0x00000000eab00000,0x00000000ec000000)
  from space 6656K, 99% used [0x00000000ec680000,0x00000000eccfc010,0x00000000ecd00000)
  to   space 6656K, 0% used [0x00000000ec000000,0x00000000ec000000,0x00000000ec680000)
 ParOldGen       total 93696K, used 75572K [0x00000000c0000000, 0x00000000c5b80000, 0x00000000eab00000)
  object space 93696K, 80% used [0x00000000c0000000,0x00000000c49cd1c0,0x00000000c5b80000)
 Metaspace       used 65818K, committed 67072K, reserved 1114112K
  class space    used 6989K, committed 7552K, reserved 1048576K
}
Event: 13.579 GC heap before
{Heap before GC invocations=42 (full 4):
 PSYoungGen      total 28160K, used 28134K [0x00000000eab00000, 0x00000000ecd00000, 0x0000000100000000)
  eden space 21504K, 99% used [0x00000000eab00000,0x00000000ebffd818,0x00000000ec000000)
  from space 6656K, 99% used [0x00000000ec680000,0x00000000eccfc010,0x00000000ecd00000)
  to   space 6656K, 0% used [0x00000000ec000000,0x00000000ec000000,0x00000000ec680000)
 ParOldGen       total 93696K, used 75572K [0x00000000c0000000, 0x00000000c5b80000, 0x00000000eab00000)
  object space 93696K, 80% used [0x00000000c0000000,0x00000000c49cd1c0,0x00000000c5b80000)
 Metaspace       used 65911K, committed 67136K, reserved 1114112K
  class space    used 6996K, committed 7552K, reserved 1048576K
}
Event: 13.587 GC heap after
{Heap after GC invocations=42 (full 4):
 PSYoungGen      total 28160K, used 6638K [0x00000000eab00000, 0x00000000ecd00000, 0x0000000100000000)
  eden space 21504K, 0% used [0x00000000eab00000,0x00000000eab00000,0x00000000ec000000)
  from space 6656K, 99% used [0x00000000ec000000,0x00000000ec67bb08,0x00000000ec680000)
  to   space 6656K, 0% used [0x00000000ec680000,0x00000000ec680000,0x00000000ecd00000)
 ParOldGen       total 93696K, used 90181K [0x00000000c0000000, 0x00000000c5b80000, 0x00000000eab00000)
  object space 93696K, 96% used [0x00000000c0000000,0x00000000c5811610,0x00000000c5b80000)
 Metaspace       used 65911K, committed 67136K, reserved 1114112K
  class space    used 6996K, committed 7552K, reserved 1048576K
}

