# JRE version: OpenJDK Runtime Environment Temurin-17.0.13+11 (17.0.13+11) (build 17.0.13+11)
# Java VM: OpenJDK 64-Bit Server VM Temurin-17.0.13+11 (17.0.13+11, mixed mode, tiered, compressed oops, compressed class ptrs, parallel gc, windows-amd64)
GC Precious Log:
 CPUs: 16 total, 16 available
 Memory: 32716M
 Large Page Support: Disabled
 NUMA Support: Disabled
 Compressed Oops: Enabled (32-bit)
 Alignments: Space 512K, Generation 512K, Heap 2M
 Heap Min Capacity: 100M
 Heap Initial Capacity: 100M
 Heap Max Capacity: 1G
 Pre-touch: Disabled
 Parallel Workers: 13
Heap:
 PSYoungGen      total 12800K, used 2182K [0x00000000eab00000, 0x00000000ebb80000, 0x0000000100000000)
  eden space 11264K, 6% used [0x00000000eab00000,0x00000000eabb99c8,0x00000000eb600000)
  from space 1536K, 93% used [0x00000000eb600000,0x00000000eb768000,0x00000000eb780000)
  to   space 2560K, 0% used [0x00000000eb900000,0x00000000eb900000,0x00000000ebb80000)
 ParOldGen       total 91136K, used 84909K [0x00000000c0000000, 0x00000000c5900000, 0x00000000eab00000)
  object space 91136K, 93% used [0x00000000c0000000,0x00000000c52eb578,0x00000000c5900000)
 Metaspace       used 63638K, committed 64896K, reserved 1114112K
  class space    used 6796K, committed 7360K, reserved 1048576K
GC Heap History (20 events):
Event: 4.945 GC heap before
{Heap before GC invocations=27 (full 2):
 PSYoungGen      total 17408K, used 17376K [0x00000000eab00000, 0x00000000ec000000, 0x0000000100000000)
  eden space 16384K, 100% used [0x00000000eab00000,0x00000000ebb00000,0x00000000ebb00000)
  from space 1024K, 96% used [0x00000000ebe00000,0x00000000ebef8020,0x00000000ebf00000)
  to   space 2560K, 0% used [0x00000000ebb00000,0x00000000ebb00000,0x00000000ebd80000)
 ParOldGen       total 68608K, used 31465K [0x00000000c0000000, 0x00000000c4300000, 0x00000000eab00000)
  object space 68608K, 45% used [0x00000000c0000000,0x00000000c1eba620,0x00000000c4300000)
 Metaspace       used 55884K, committed 57088K, reserved 1114112K
  class space    used 5971K, committed 6528K, reserved 1048576K
}
Event: 4.947 GC heap after
{Heap after GC invocations=27 (full 2):
 PSYoungGen      total 18432K, used 1745K [0x00000000eab00000, 0x00000000ebf00000, 0x0000000100000000)
  eden space 16384K, 0% used [0x00000000eab00000,0x00000000eab00000,0x00000000ebb00000)
  from space 2048K, 85% used [0x00000000ebb00000,0x00000000ebcb4410,0x00000000ebd00000)
  to   space 2048K, 0% used [0x00000000ebd00000,0x00000000ebd00000,0x00000000ebf00000)
 ParOldGen       total 68608K, used 32457K [0x00000000c0000000, 0x00000000c4300000, 0x00000000eab00000)
  object space 68608K, 47% used [0x00000000c0000000,0x00000000c1fb2640,0x00000000c4300000)
 Metaspace       used 55884K, committed 57088K, reserved 1114112K
  class space    used 5971K, committed 6528K, reserved 1048576K
}
Event: 4.991 GC heap before
{Heap before GC invocations=28 (full 2):
 PSYoungGen      total 18432K, used 18129K [0x00000000eab00000, 0x00000000ebf00000, 0x0000000100000000)
  eden space 16384K, 100% used [0x00000000eab00000,0x00000000ebb00000,0x00000000ebb00000)
  from space 2048K, 85% used [0x00000000ebb00000,0x00000000ebcb4410,0x00000000ebd00000)
  to   space 2048K, 0% used [0x00000000ebd00000,0x00000000ebd00000,0x00000000ebf00000)
 ParOldGen       total 68608K, used 32457K [0x00000000c0000000, 0x00000000c4300000, 0x00000000eab00000)
  object space 68608K, 47% used [0x00000000c0000000,0x00000000c1fb2640,0x00000000c4300000)
 Metaspace       used 55956K, committed 57152K, reserved 1114112K
  class space    used 5973K, committed 6528K, reserved 1048576K
}
Event: 4.994 GC heap after
{Heap after GC invocations=28 (full 2):
 PSYoungGen      total 18432K, used 1634K [0x00000000eab00000, 0x00000000ebf00000, 0x0000000100000000)
  eden space 16384K, 0% used [0x00000000eab00000,0x00000000eab00000,0x00000000ebb00000)
  from space 2048K, 79% used [0x00000000ebd00000,0x00000000ebe98800,0x00000000ebf00000)
  to   space 2048K, 0% used [0x00000000ebb00000,0x00000000ebb00000,0x00000000ebd00000)
 ParOldGen       total 68608K, used 33977K [0x00000000c0000000, 0x00000000c4300000, 0x00000000eab00000)
  object space 68608K, 49% used [0x00000000c0000000,0x00000000c212e650,0x00000000c4300000)
 Metaspace       used 55956K, committed 57152K, reserved 1114112K
  class space    used 5973K, committed 6528K, reserved 1048576K
}
Event: 5.057 GC heap before
{Heap before GC invocations=29 (full 2):
 PSYoungGen      total 18432K, used 18018K [0x00000000eab00000, 0x00000000ebf00000, 0x0000000100000000)
  eden space 16384K, 100% used [0x00000000eab00000,0x00000000ebb00000,0x00000000ebb00000)
  from space 2048K, 79% used [0x00000000ebd00000,0x00000000ebe98800,0x00000000ebf00000)
  to   space 2048K, 0% used [0x00000000ebb00000,0x00000000ebb00000,0x00000000ebd00000)
 ParOldGen       total 68608K, used 33977K [0x00000000c0000000, 0x00000000c4300000, 0x00000000eab00000)
  object space 68608K, 49% used [0x00000000c0000000,0x00000000c212e650,0x00000000c4300000)
 Metaspace       used 56138K, committed 57280K, reserved 1114112K
  class space    used 6003K, committed 6528K, reserved 1048576K
}
Event: 5.058 GC heap after
{Heap after GC invocations=29 (full 2):
 PSYoungGen      total 17920K, used 1440K [0x00000000eab00000, 0x00000000ebe00000, 0x0000000100000000)
  eden space 16384K, 0% used [0x00000000eab00000,0x00000000eab00000,0x00000000ebb00000)
  from space 1536K, 93% used [0x00000000ebb00000,0x00000000ebc68010,0x00000000ebc80000)
  to   space 1536K, 0% used [0x00000000ebc80000,0x00000000ebc80000,0x00000000ebe00000)
 ParOldGen       total 68608K, used 35443K [0x00000000c0000000, 0x00000000c4300000, 0x00000000eab00000)
  object space 68608K, 51% used [0x00000000c0000000,0x00000000c229ce50,0x00000000c4300000)
 Metaspace       used 56138K, committed 57280K, reserved 1114112K
  class space    used 6003K, committed 6528K, reserved 1048576K
}
Event: 5.275 GC heap before
{Heap before GC invocations=30 (full 2):
 PSYoungGen      total 17920K, used 17824K [0x00000000eab00000, 0x00000000ebe00000, 0x0000000100000000)
  eden space 16384K, 100% used [0x00000000eab00000,0x00000000ebb00000,0x00000000ebb00000)
  from space 1536K, 93% used [0x00000000ebb00000,0x00000000ebc68010,0x00000000ebc80000)
  to   space 1536K, 0% used [0x00000000ebc80000,0x00000000ebc80000,0x00000000ebe00000)
 ParOldGen       total 68608K, used 35443K [0x00000000c0000000, 0x00000000c4300000, 0x00000000eab00000)
  object space 68608K, 51% used [0x00000000c0000000,0x00000000c229ce50,0x00000000c4300000)
 Metaspace       used 58104K, committed 59328K, reserved 1114112K
  class space    used 6228K, committed 6784K, reserved 1048576K
}
Event: 5.276 GC heap after
{Heap after GC invocations=30 (full 2):
 PSYoungGen      total 17920K, used 790K [0x00000000eab00000, 0x00000000ebe00000, 0x0000000100000000)
  eden space 16384K, 0% used [0x00000000eab00000,0x00000000eab00000,0x00000000ebb00000)
  from space 1536K, 51% used [0x00000000ebc80000,0x00000000ebd45a78,0x00000000ebe00000)
  to   space 1536K, 0% used [0x00000000ebb00000,0x00000000ebb00000,0x00000000ebc80000)
 ParOldGen       total 68608K, used 36730K [0x00000000c0000000, 0x00000000c4300000, 0x00000000eab00000)
  object space 68608K, 53% used [0x00000000c0000000,0x00000000c23de9b0,0x00000000c4300000)
 Metaspace       used 58104K, committed 59328K, reserved 1114112K
  class space    used 6228K, committed 6784K, reserved 1048576K
}
Event: 5.401 GC heap before
{Heap before GC invocations=31 (full 2):
 PSYoungGen      total 17920K, used 13663K [0x00000000eab00000, 0x00000000ebe00000, 0x0000000100000000)
  eden space 16384K, 78% used [0x00000000eab00000,0x00000000eb792330,0x00000000ebb00000)
  from space 1536K, 51% used [0x00000000ebc80000,0x00000000ebd45a78,0x00000000ebe00000)
  to   space 1536K, 0% used [0x00000000ebb00000,0x00000000ebb00000,0x00000000ebc80000)
 ParOldGen       total 68608K, used 36730K [0x00000000c0000000, 0x00000000c4300000, 0x00000000eab00000)
  object space 68608K, 53% used [0x00000000c0000000,0x00000000c23de9b0,0x00000000c4300000)
 Metaspace       used 58671K, committed 59776K, reserved 1114112K
  class space    used 6292K, committed 6784K, reserved 1048576K
}
Event: 5.402 GC heap after
{Heap after GC invocations=31 (full 2):
 PSYoungGen      total 17408K, used 512K [0x00000000eab00000, 0x00000000ebd00000, 0x0000000100000000)
  eden space 16384K, 0% used [0x00000000eab00000,0x00000000eab00000,0x00000000ebb00000)
  from space 1024K, 50% used [0x00000000ebb00000,0x00000000ebb80010,0x00000000ebc00000)
  to   space 1024K, 0% used [0x00000000ebc00000,0x00000000ebc00000,0x00000000ebd00000)
 ParOldGen       total 68608K, used 37392K [0x00000000c0000000, 0x00000000c4300000, 0x00000000eab00000)
  object space 68608K, 54% used [0x00000000c0000000,0x00000000c24840b0,0x00000000c4300000)
 Metaspace       used 58671K, committed 59776K, reserved 1114112K
  class space    used 6292K, committed 6784K, reserved 1048576K
}
Event: 5.402 GC heap before
{Heap before GC invocations=32 (full 3):
 PSYoungGen      total 17408K, used 512K [0x00000000eab00000, 0x00000000ebd00000, 0x0000000100000000)
  eden space 16384K, 0% used [0x00000000eab00000,0x00000000eab00000,0x00000000ebb00000)
  from space 1024K, 50% used [0x00000000ebb00000,0x00000000ebb80010,0x00000000ebc00000)
  to   space 1024K, 0% used [0x00000000ebc00000,0x00000000ebc00000,0x00000000ebd00000)
 ParOldGen       total 68608K, used 37392K [0x00000000c0000000, 0x00000000c4300000, 0x00000000eab00000)
  object space 68608K, 54% used [0x00000000c0000000,0x00000000c24840b0,0x00000000c4300000)
 Metaspace       used 58671K, committed 59776K, reserved 1114112K
  class space    used 6292K, committed 6784K, reserved 1048576K
}
Event: 5.435 GC heap after
{Heap after GC invocations=32 (full 3):
 PSYoungGen      total 17408K, used 0K [0x00000000eab00000, 0x00000000ebd00000, 0x0000000100000000)
  eden space 16384K, 0% used [0x00000000eab00000,0x00000000eab00000,0x00000000ebb00000)
  from space 1024K, 0% used [0x00000000ebb00000,0x00000000ebb00000,0x00000000ebc00000)
  to   space 1024K, 0% used [0x00000000ebc00000,0x00000000ebc00000,0x00000000ebd00000)
 ParOldGen       total 68608K, used 34990K [0x00000000c0000000, 0x00000000c4300000, 0x00000000eab00000)
  object space 68608K, 51% used [0x00000000c0000000,0x00000000c222bb98,0x00000000c4300000)
 Metaspace       used 58671K, committed 59776K, reserved 1114112K
  class space    used 6292K, committed 6784K, reserved 1048576K
}
Event: 5.570 GC heap before
{Heap before GC invocations=33 (full 3):
 PSYoungGen      total 17408K, used 16384K [0x00000000eab00000, 0x00000000ebd00000, 0x0000000100000000)
  eden space 16384K, 100% used [0x00000000eab00000,0x00000000ebb00000,0x00000000ebb00000)
  from space 1024K, 0% used [0x00000000ebb00000,0x00000000ebb00000,0x00000000ebc00000)
  to   space 1024K, 0% used [0x00000000ebc00000,0x00000000ebc00000,0x00000000ebd00000)
 ParOldGen       total 68608K, used 34990K [0x00000000c0000000, 0x00000000c4300000, 0x00000000eab00000)
  object space 68608K, 51% used [0x00000000c0000000,0x00000000c222bb98,0x00000000c4300000)
 Metaspace       used 59848K, committed 60992K, reserved 1114112K
  class space    used 6395K, committed 6912K, reserved 1048576K
}
Event: 5.571 GC heap after
{Heap after GC invocations=33 (full 3):
 PSYoungGen      total 16384K, used 1022K [0x00000000eab00000, 0x00000000ebf00000, 0x0000000100000000)
  eden space 15360K, 0% used [0x00000000eab00000,0x00000000eab00000,0x00000000eba00000)
  from space 1024K, 99% used [0x00000000ebc00000,0x00000000ebcffb20,0x00000000ebd00000)
  to   space 2048K, 0% used [0x00000000eba00000,0x00000000eba00000,0x00000000ebc00000)
 ParOldGen       total 68608K, used 35664K [0x00000000c0000000, 0x00000000c4300000, 0x00000000eab00000)
  object space 68608K, 51% used [0x00000000c0000000,0x00000000c22d4050,0x00000000c4300000)
 Metaspace       used 59848K, committed 60992K, reserved 1114112K
  class space    used 6395K, committed 6912K, reserved 1048576K
}
Event: 5.605 GC heap before
{Heap before GC invocations=34 (full 3):
 PSYoungGen      total 16384K, used 16382K [0x00000000eab00000, 0x00000000ebf00000, 0x0000000100000000)
  eden space 15360K, 100% used [0x00000000eab00000,0x00000000eba00000,0x00000000eba00000)
  from space 1024K, 99% used [0x00000000ebc00000,0x00000000ebcffb20,0x00000000ebd00000)
  to   space 2048K, 0% used [0x00000000eba00000,0x00000000eba00000,0x00000000ebc00000)
 ParOldGen       total 68608K, used 35664K [0x00000000c0000000, 0x00000000c4300000, 0x00000000eab00000)
  object space 68608K, 51% used [0x00000000c0000000,0x00000000c22d4050,0x00000000c4300000)
 Metaspace       used 59873K, committed 61056K, reserved 1114112K
  class space    used 6395K, committed 6912K, reserved 1048576K
}
Event: 5.607 GC heap after
{Heap after GC invocations=34 (full 3):
 PSYoungGen      total 16896K, used 1045K [0x00000000eab00000, 0x00000000ebd00000, 0x0000000100000000)
  eden space 15360K, 0% used [0x00000000eab00000,0x00000000eab00000,0x00000000eba00000)
  from space 1536K, 68% used [0x00000000eba00000,0x00000000ebb05498,0x00000000ebb80000)
  to   space 1536K, 0% used [0x00000000ebb80000,0x00000000ebb80000,0x00000000ebd00000)
 ParOldGen       total 68608K, used 36181K [0x00000000c0000000, 0x00000000c4300000, 0x00000000eab00000)
  object space 68608K, 52% used [0x00000000c0000000,0x00000000c2355738,0x00000000c4300000)
 Metaspace       used 59873K, committed 61056K, reserved 1114112K
  class space    used 6395K, committed 6912K, reserved 1048576K
}
Event: 5.643 GC heap before
{Heap before GC invocations=35 (full 3):
 PSYoungGen      total 16896K, used 16331K [0x00000000eab00000, 0x00000000ebd00000, 0x0000000100000000)
  eden space 15360K, 99% used [0x00000000eab00000,0x00000000eb9edb58,0x00000000eba00000)
  from space 1536K, 68% used [0x00000000eba00000,0x00000000ebb05498,0x00000000ebb80000)
  to   space 1536K, 0% used [0x00000000ebb80000,0x00000000ebb80000,0x00000000ebd00000)
 ParOldGen       total 68608K, used 36181K [0x00000000c0000000, 0x00000000c4300000, 0x00000000eab00000)
  object space 68608K, 52% used [0x00000000c0000000,0x00000000c2355738,0x00000000c4300000)
 Metaspace       used 59882K, committed 61056K, reserved 1114112K
  class space    used 6395K, committed 6912K, reserved 1048576K
}
Event: 5.644 GC heap after
{Heap after GC invocations=35 (full 3):
 PSYoungGen      total 16384K, used 692K [0x00000000eab00000, 0x00000000ebc80000, 0x0000000100000000)
  eden space 15360K, 0% used [0x00000000eab00000,0x00000000eab00000,0x00000000eba00000)
  from space 1024K, 67% used [0x00000000ebb80000,0x00000000ebc2d3e0,0x00000000ebc80000)
  to   space 1024K, 0% used [0x00000000eba80000,0x00000000eba80000,0x00000000ebb80000)
 ParOldGen       total 68608K, used 36197K [0x00000000c0000000, 0x00000000c4300000, 0x00000000eab00000)
  object space 68608K, 52% used [0x00000000c0000000,0x00000000c2359738,0x00000000c4300000)
 Metaspace       used 59882K, committed 61056K, reserved 1114112K
  class space    used 6395K, committed 6912K, reserved 1048576K
}
Event: 5.830 GC heap before
{Heap before GC invocations=36 (full 3):
 PSYoungGen      total 16384K, used 16052K [0x00000000eab00000, 0x00000000ebc80000, 0x0000000100000000)
  eden space 15360K, 100% used [0x00000000eab00000,0x00000000eba00000,0x00000000eba00000)
  from space 1024K, 67% used [0x00000000ebb80000,0x00000000ebc2d3e0,0x00000000ebc80000)
  to   space 1024K, 0% used [0x00000000eba80000,0x00000000eba80000,0x00000000ebb80000)
 ParOldGen       total 68608K, used 36197K [0x00000000c0000000, 0x00000000c4300000, 0x00000000eab00000)
  object space 68608K, 52% used [0x00000000c0000000,0x00000000c2359738,0x00000000c4300000)
 Metaspace       used 62040K, committed 63232K, reserved 1114112K
  class space    used 6617K, committed 7168K, reserved 1048576K
}
Event: 5.831 GC heap after
{Heap after GC invocations=36 (full 3):
 PSYoungGen      total 15872K, used 512K [0x00000000eab00000, 0x00000000ebc00000, 0x0000000100000000)
  eden space 15360K, 0% used [0x00000000eab00000,0x00000000eab00000,0x00000000eba00000)
  from space 512K, 100% used [0x00000000eba80000,0x00000000ebb00000,0x00000000ebb00000)
  to   space 1024K, 0% used [0x00000000ebb00000,0x00000000ebb00000,0x00000000ebc00000)
 ParOldGen       total 68608K, used 36229K [0x00000000c0000000, 0x00000000c4300000, 0x00000000eab00000)
  object space 68608K, 52% used [0x00000000c0000000,0x00000000c2361738,0x00000000c4300000)
 Metaspace       used 62040K, committed 63232K, reserved 1114112K
  class space    used 6617K, committed 7168K, reserved 1048576K
}

