# JRE version: OpenJDK Runtime Environment Temurin-17.0.12+7 (17.0.12+7) (build 17.0.12+7)
# Java VM: OpenJDK 64-Bit Server VM Temurin-17.0.12+7 (17.0.12+7, mixed mode, emulated-client, tiered, compressed oops, compressed class ptrs, g1 gc, windows-amd64)
GC Precious Log:
 CPUs: 16 total, 16 available
 Memory: 32716M
 Large Page Support: Disabled
 NUMA Support: Disabled
 Compressed Oops: Enabled (32-bit)
 Heap Region Size: 1M
 Heap Min Capacity: 8M
 Heap Initial Capacity: 512M
 Heap Max Capacity: 1G
 Pre-touch: Disabled
 Parallel Workers: 13
 Concurrent Workers: 3
 Concurrent Refinement Workers: 13
 Periodic GC: Disabled
Heap:
 garbage-first heap   total 112640K, used 45307K [0x00000000c0000000, 0x0000000100000000)
  region size 1024K, 1 young (1024K), 0 survivors (0K)
 Metaspace       used 63102K, committed 63552K, reserved 1114112K
  class space    used 7997K, committed 8192K, reserved 1048576K
GC Heap History (20 events):
Event: 327575.816 GC heap after
{Heap after GC invocations=7059 (full 6982):
 garbage-first heap   total 112640K, used 45307K [0x00000000c0000000, 0x0000000100000000)
  region size 1024K, 0 young (0K), 0 survivors (0K)
 Metaspace       used 63102K, committed 63552K, reserved 1114112K
  class space    used 7997K, committed 8192K, reserved 1048576K
}
Event: 327585.953 GC heap before
{Heap before GC invocations=7059 (full 6982):
 garbage-first heap   total 112640K, used 45307K [0x00000000c0000000, 0x0000000100000000)
  region size 1024K, 1 young (1024K), 0 survivors (0K)
 Metaspace       used 63102K, committed 63552K, reserved 1114112K
  class space    used 7997K, committed 8192K, reserved 1048576K
}
Event: 327585.994 GC heap after
{Heap after GC invocations=7060 (full 6983):
 garbage-first heap   total 112640K, used 45307K [0x00000000c0000000, 0x0000000100000000)
  region size 1024K, 0 young (0K), 0 survivors (0K)
 Metaspace       used 63102K, committed 63552K, reserved 1114112K
  class space    used 7997K, committed 8192K, reserved 1048576K
}
Event: 327596.133 GC heap before
{Heap before GC invocations=7060 (full 6983):
 garbage-first heap   total 112640K, used 45307K [0x00000000c0000000, 0x0000000100000000)
  region size 1024K, 1 young (1024K), 0 survivors (0K)
 Metaspace       used 63102K, committed 63552K, reserved 1114112K
  class space    used 7997K, committed 8192K, reserved 1048576K
}
Event: 327596.170 GC heap after
{Heap after GC invocations=7061 (full 6984):
 garbage-first heap   total 112640K, used 45307K [0x00000000c0000000, 0x0000000100000000)
  region size 1024K, 0 young (0K), 0 survivors (0K)
 Metaspace       used 63102K, committed 63552K, reserved 1114112K
  class space    used 7997K, committed 8192K, reserved 1048576K
}
Event: 327606.311 GC heap before
{Heap before GC invocations=7061 (full 6984):
 garbage-first heap   total 112640K, used 45307K [0x00000000c0000000, 0x0000000100000000)
  region size 1024K, 1 young (1024K), 0 survivors (0K)
 Metaspace       used 63102K, committed 63552K, reserved 1114112K
  class space    used 7997K, committed 8192K, reserved 1048576K
}
Event: 327606.346 GC heap after
{Heap after GC invocations=7062 (full 6985):
 garbage-first heap   total 112640K, used 45307K [0x00000000c0000000, 0x0000000100000000)
  region size 1024K, 0 young (0K), 0 survivors (0K)
 Metaspace       used 63102K, committed 63552K, reserved 1114112K
  class space    used 7997K, committed 8192K, reserved 1048576K
}
Event: 327616.514 GC heap before
{Heap before GC invocations=7062 (full 6985):
 garbage-first heap   total 112640K, used 45307K [0x00000000c0000000, 0x0000000100000000)
  region size 1024K, 1 young (1024K), 0 survivors (0K)
 Metaspace       used 63102K, committed 63552K, reserved 1114112K
  class space    used 7997K, committed 8192K, reserved 1048576K
}
Event: 327616.551 GC heap after
{Heap after GC invocations=7063 (full 6986):
 garbage-first heap   total 112640K, used 45307K [0x00000000c0000000, 0x0000000100000000)
  region size 1024K, 0 young (0K), 0 survivors (0K)
 Metaspace       used 63102K, committed 63552K, reserved 1114112K
  class space    used 7997K, committed 8192K, reserved 1048576K
}
Event: 327626.697 GC heap before
{Heap before GC invocations=7063 (full 6986):
 garbage-first heap   total 112640K, used 45307K [0x00000000c0000000, 0x0000000100000000)
  region size 1024K, 1 young (1024K), 0 survivors (0K)
 Metaspace       used 63102K, committed 63552K, reserved 1114112K
  class space    used 7997K, committed 8192K, reserved 1048576K
}
Event: 327626.736 GC heap after
{Heap after GC invocations=7064 (full 6987):
 garbage-first heap   total 112640K, used 45307K [0x00000000c0000000, 0x0000000100000000)
  region size 1024K, 0 young (0K), 0 survivors (0K)
 Metaspace       used 63102K, committed 63552K, reserved 1114112K
  class space    used 7997K, committed 8192K, reserved 1048576K
}
Event: 327636.885 GC heap before
{Heap before GC invocations=7064 (full 6987):
 garbage-first heap   total 112640K, used 45307K [0x00000000c0000000, 0x0000000100000000)
  region size 1024K, 1 young (1024K), 0 survivors (0K)
 Metaspace       used 63102K, committed 63552K, reserved 1114112K
  class space    used 7997K, committed 8192K, reserved 1048576K
}
Event: 327636.921 GC heap after
{Heap after GC invocations=7065 (full 6988):
 garbage-first heap   total 112640K, used 45307K [0x00000000c0000000, 0x0000000100000000)
  region size 1024K, 0 young (0K), 0 survivors (0K)
 Metaspace       used 63102K, committed 63552K, reserved 1114112K
  class space    used 7997K, committed 8192K, reserved 1048576K
}
Event: 327647.079 GC heap before
{Heap before GC invocations=7065 (full 6988):
 garbage-first heap   total 112640K, used 45307K [0x00000000c0000000, 0x0000000100000000)
  region size 1024K, 1 young (1024K), 0 survivors (0K)
 Metaspace       used 63102K, committed 63552K, reserved 1114112K
  class space    used 7997K, committed 8192K, reserved 1048576K
}
Event: 327647.115 GC heap after
{Heap after GC invocations=7066 (full 6989):
 garbage-first heap   total 112640K, used 45307K [0x00000000c0000000, 0x0000000100000000)
  region size 1024K, 0 young (0K), 0 survivors (0K)
 Metaspace       used 63102K, committed 63552K, reserved 1114112K
  class space    used 7997K, committed 8192K, reserved 1048576K
}
Event: 327657.259 GC heap before
{Heap before GC invocations=7066 (full 6989):
 garbage-first heap   total 112640K, used 45307K [0x00000000c0000000, 0x0000000100000000)
  region size 1024K, 1 young (1024K), 0 survivors (0K)
 Metaspace       used 63102K, committed 63552K, reserved 1114112K
  class space    used 7997K, committed 8192K, reserved 1048576K
}
Event: 327657.294 GC heap after
{Heap after GC invocations=7067 (full 6990):
 garbage-first heap   total 112640K, used 45307K [0x00000000c0000000, 0x0000000100000000)
  region size 1024K, 0 young (0K), 0 survivors (0K)
 Metaspace       used 63102K, committed 63552K, reserved 1114112K
  class space    used 7997K, committed 8192K, reserved 1048576K
}
Event: 327667.434 GC heap before
{Heap before GC invocations=7067 (full 6990):
 garbage-first heap   total 112640K, used 45307K [0x00000000c0000000, 0x0000000100000000)
  region size 1024K, 1 young (1024K), 0 survivors (0K)
 Metaspace       used 63102K, committed 63552K, reserved 1114112K
  class space    used 7997K, committed 8192K, reserved 1048576K
}
Event: 327667.474 GC heap after
{Heap after GC invocations=7068 (full 6991):
 garbage-first heap   total 112640K, used 45307K [0x00000000c0000000, 0x0000000100000000)
  region size 1024K, 0 young (0K), 0 survivors (0K)
 Metaspace       used 63102K, committed 63552K, reserved 1114112K
  class space    used 7997K, committed 8192K, reserved 1048576K
}
Event: 327677.623 GC heap before
{Heap before GC invocations=7068 (full 6991):
 garbage-first heap   total 112640K, used 45307K [0x00000000c0000000, 0x0000000100000000)
  region size 1024K, 1 young (1024K), 0 survivors (0K)
 Metaspace       used 63102K, committed 63552K, reserved 1114112K
  class space    used 7997K, committed 8192K, reserved 1048576K
}

