# JRE version: OpenJDK Runtime Environment Temurin-17.0.13+11 (17.0.13+11) (build 17.0.13+11)
# Java VM: OpenJDK 64-Bit Server VM Temurin-17.0.13+11 (17.0.13+11, mixed mode, tiered, compressed oops, compressed class ptrs, parallel gc, windows-amd64)
GC Precious Log:
 CPUs: 16 total, 16 available
 Memory: 32716M
 Large Page Support: Disabled
 NUMA Support: Disabled
 Compressed Oops: Enabled (32-bit)
 Alignments: Space 512K, Generation 512K, Heap 2M
 Heap Min Capacity: 100M
 Heap Initial Capacity: 100M
 Heap Max Capacity: 1G
 Pre-touch: Disabled
 Parallel Workers: 13
Heap:
 PSYoungGen      total 14336K, used 13561K [0x00000000eab00000, 0x00000000ebb00000, 0x0000000100000000)
  eden space 13824K, 94% used [0x00000000eab00000,0x00000000eb7be7d0,0x00000000eb880000)
  from space 512K, 100% used [0x00000000eba80000,0x00000000ebb00000,0x00000000ebb00000)
  to   space 1024K, 0% used [0x00000000eb900000,0x00000000eb900000,0x00000000eba00000)
 ParOldGen       total 68608K, used 35931K [0x00000000c0000000, 0x00000000c4300000, 0x00000000eab00000)
  object space 68608K, 52% used [0x00000000c0000000,0x00000000c2316fb8,0x00000000c4300000)
 Metaspace       used 63163K, committed 64384K, reserved 1114112K
  class space    used 6734K, committed 7296K, reserved 1048576K
GC Heap History (20 events):
Event: 4.976 GC heap before
{Heap before GC invocations=30 (full 2):
 PSYoungGen      total 15360K, used 15345K [0x00000000eab00000, 0x00000000ebe80000, 0x0000000100000000)
  eden space 13824K, 100% used [0x00000000eab00000,0x00000000eb880000,0x00000000eb880000)
  from space 1536K, 99% used [0x00000000ebb80000,0x00000000ebcfc410,0x00000000ebd00000)
  to   space 1536K, 0% used [0x00000000ebd00000,0x00000000ebd00000,0x00000000ebe80000)
 ParOldGen       total 68608K, used 36354K [0x00000000c0000000, 0x00000000c4300000, 0x00000000eab00000)
  object space 68608K, 52% used [0x00000000c0000000,0x00000000c2380a20,0x00000000c4300000)
 Metaspace       used 55978K, committed 57088K, reserved 1114112K
  class space    used 5976K, committed 6464K, reserved 1048576K
}
Event: 4.978 GC heap after
{Heap after GC invocations=30 (full 2):
 PSYoungGen      total 15360K, used 1442K [0x00000000eab00000, 0x00000000ebe80000, 0x0000000100000000)
  eden space 13824K, 0% used [0x00000000eab00000,0x00000000eab00000,0x00000000eb880000)
  from space 1536K, 93% used [0x00000000ebd00000,0x00000000ebe68800,0x00000000ebe80000)
  to   space 2048K, 0% used [0x00000000eba80000,0x00000000eba80000,0x00000000ebc80000)
 ParOldGen       total 68608K, used 37626K [0x00000000c0000000, 0x00000000c4300000, 0x00000000eab00000)
  object space 68608K, 54% used [0x00000000c0000000,0x00000000c24bea30,0x00000000c4300000)
 Metaspace       used 55978K, committed 57088K, reserved 1114112K
  class space    used 5976K, committed 6464K, reserved 1048576K
}
Event: 5.005 GC heap before
{Heap before GC invocations=31 (full 2):
 PSYoungGen      total 15360K, used 15266K [0x00000000eab00000, 0x00000000ebe80000, 0x0000000100000000)
  eden space 13824K, 100% used [0x00000000eab00000,0x00000000eb880000,0x00000000eb880000)
  from space 1536K, 93% used [0x00000000ebd00000,0x00000000ebe68800,0x00000000ebe80000)
  to   space 2048K, 0% used [0x00000000eba80000,0x00000000eba80000,0x00000000ebc80000)
 ParOldGen       total 68608K, used 37626K [0x00000000c0000000, 0x00000000c4300000, 0x00000000eab00000)
  object space 68608K, 54% used [0x00000000c0000000,0x00000000c24bea30,0x00000000c4300000)
 Metaspace       used 55990K, committed 57152K, reserved 1114112K
  class space    used 5976K, committed 6464K, reserved 1048576K
}
Event: 5.007 GC heap after
{Heap after GC invocations=31 (full 2):
 PSYoungGen      total 15360K, used 1376K [0x00000000eab00000, 0x00000000ebd80000, 0x0000000100000000)
  eden space 13824K, 0% used [0x00000000eab00000,0x00000000eab00000,0x00000000eb880000)
  from space 1536K, 89% used [0x00000000eba80000,0x00000000ebbd8010,0x00000000ebc00000)
  to   space 1536K, 0% used [0x00000000ebc00000,0x00000000ebc00000,0x00000000ebd80000)
 ParOldGen       total 68608K, used 38898K [0x00000000c0000000, 0x00000000c4300000, 0x00000000eab00000)
  object space 68608K, 56% used [0x00000000c0000000,0x00000000c25fcab0,0x00000000c4300000)
 Metaspace       used 55990K, committed 57152K, reserved 1114112K
  class space    used 5976K, committed 6464K, reserved 1048576K
}
Event: 5.177 GC heap before
{Heap before GC invocations=32 (full 2):
 PSYoungGen      total 15360K, used 15200K [0x00000000eab00000, 0x00000000ebd80000, 0x0000000100000000)
  eden space 13824K, 100% used [0x00000000eab00000,0x00000000eb880000,0x00000000eb880000)
  from space 1536K, 89% used [0x00000000eba80000,0x00000000ebbd8010,0x00000000ebc00000)
  to   space 1536K, 0% used [0x00000000ebc00000,0x00000000ebc00000,0x00000000ebd80000)
 ParOldGen       total 68608K, used 38898K [0x00000000c0000000, 0x00000000c4300000, 0x00000000eab00000)
  object space 68608K, 56% used [0x00000000c0000000,0x00000000c25fcab0,0x00000000c4300000)
 Metaspace       used 57311K, committed 58432K, reserved 1114112K
  class space    used 6154K, committed 6656K, reserved 1048576K
}
Event: 5.179 GC heap after
{Heap after GC invocations=32 (full 2):
 PSYoungGen      total 15360K, used 1062K [0x00000000eab00000, 0x00000000ebd80000, 0x0000000100000000)
  eden space 13824K, 0% used [0x00000000eab00000,0x00000000eab00000,0x00000000eb880000)
  from space 1536K, 69% used [0x00000000ebc00000,0x00000000ebd09810,0x00000000ebd80000)
  to   space 1536K, 0% used [0x00000000eba80000,0x00000000eba80000,0x00000000ebc00000)
 ParOldGen       total 68608K, used 40095K [0x00000000c0000000, 0x00000000c4300000, 0x00000000eab00000)
  object space 68608K, 58% used [0x00000000c0000000,0x00000000c2727e18,0x00000000c4300000)
 Metaspace       used 57311K, committed 58432K, reserved 1114112K
  class space    used 6154K, committed 6656K, reserved 1048576K
}
Event: 5.302 GC heap before
{Heap before GC invocations=33 (full 2):
 PSYoungGen      total 15360K, used 14886K [0x00000000eab00000, 0x00000000ebd80000, 0x0000000100000000)
  eden space 13824K, 100% used [0x00000000eab00000,0x00000000eb880000,0x00000000eb880000)
  from space 1536K, 69% used [0x00000000ebc00000,0x00000000ebd09810,0x00000000ebd80000)
  to   space 1536K, 0% used [0x00000000eba80000,0x00000000eba80000,0x00000000ebc00000)
 ParOldGen       total 68608K, used 40095K [0x00000000c0000000, 0x00000000c4300000, 0x00000000eab00000)
  object space 68608K, 58% used [0x00000000c0000000,0x00000000c2727e18,0x00000000c4300000)
 Metaspace       used 57983K, committed 59200K, reserved 1114112K
  class space    used 6262K, committed 6784K, reserved 1048576K
}
Event: 5.303 GC heap after
{Heap after GC invocations=33 (full 2):
 PSYoungGen      total 14848K, used 544K [0x00000000eab00000, 0x00000000ebc80000, 0x0000000100000000)
  eden space 13824K, 0% used [0x00000000eab00000,0x00000000eab00000,0x00000000eb880000)
  from space 1024K, 53% used [0x00000000eba80000,0x00000000ebb08010,0x00000000ebb80000)
  to   space 1024K, 0% used [0x00000000ebb80000,0x00000000ebb80000,0x00000000ebc80000)
 ParOldGen       total 68608K, used 40917K [0x00000000c0000000, 0x00000000c4300000, 0x00000000eab00000)
  object space 68608K, 59% used [0x00000000c0000000,0x00000000c27f5518,0x00000000c4300000)
 Metaspace       used 57983K, committed 59200K, reserved 1114112K
  class space    used 6262K, committed 6784K, reserved 1048576K
}
Event: 5.423 GC heap before
{Heap before GC invocations=34 (full 2):
 PSYoungGen      total 14848K, used 12857K [0x00000000eab00000, 0x00000000ebc80000, 0x0000000100000000)
  eden space 13824K, 89% used [0x00000000eab00000,0x00000000eb706610,0x00000000eb880000)
  from space 1024K, 53% used [0x00000000eba80000,0x00000000ebb08010,0x00000000ebb80000)
  to   space 1024K, 0% used [0x00000000ebb80000,0x00000000ebb80000,0x00000000ebc80000)
 ParOldGen       total 68608K, used 40917K [0x00000000c0000000, 0x00000000c4300000, 0x00000000eab00000)
  object space 68608K, 59% used [0x00000000c0000000,0x00000000c27f5518,0x00000000c4300000)
 Metaspace       used 58668K, committed 59776K, reserved 1114112K
  class space    used 6323K, committed 6784K, reserved 1048576K
}
Event: 5.423 GC heap after
{Heap after GC invocations=34 (full 2):
 PSYoungGen      total 14848K, used 544K [0x00000000eab00000, 0x00000000ebc80000, 0x0000000100000000)
  eden space 13824K, 0% used [0x00000000eab00000,0x00000000eab00000,0x00000000eb880000)
  from space 1024K, 53% used [0x00000000ebb80000,0x00000000ebc08020,0x00000000ebc80000)
  to   space 1024K, 0% used [0x00000000eba80000,0x00000000eba80000,0x00000000ebb80000)
 ParOldGen       total 68608K, used 41117K [0x00000000c0000000, 0x00000000c4300000, 0x00000000eab00000)
  object space 68608K, 59% used [0x00000000c0000000,0x00000000c2827518,0x00000000c4300000)
 Metaspace       used 58668K, committed 59776K, reserved 1114112K
  class space    used 6323K, committed 6784K, reserved 1048576K
}
Event: 5.423 GC heap before
{Heap before GC invocations=35 (full 3):
 PSYoungGen      total 14848K, used 544K [0x00000000eab00000, 0x00000000ebc80000, 0x0000000100000000)
  eden space 13824K, 0% used [0x00000000eab00000,0x00000000eab00000,0x00000000eb880000)
  from space 1024K, 53% used [0x00000000ebb80000,0x00000000ebc08020,0x00000000ebc80000)
  to   space 1024K, 0% used [0x00000000eba80000,0x00000000eba80000,0x00000000ebb80000)
 ParOldGen       total 68608K, used 41117K [0x00000000c0000000, 0x00000000c4300000, 0x00000000eab00000)
  object space 68608K, 59% used [0x00000000c0000000,0x00000000c2827518,0x00000000c4300000)
 Metaspace       used 58668K, committed 59776K, reserved 1114112K
  class space    used 6323K, committed 6784K, reserved 1048576K
}
Event: 5.456 GC heap after
{Heap after GC invocations=35 (full 3):
 PSYoungGen      total 14848K, used 0K [0x00000000eab00000, 0x00000000ebc80000, 0x0000000100000000)
  eden space 13824K, 0% used [0x00000000eab00000,0x00000000eab00000,0x00000000eb880000)
  from space 1024K, 0% used [0x00000000ebb80000,0x00000000ebb80000,0x00000000ebc80000)
  to   space 1024K, 0% used [0x00000000eba80000,0x00000000eba80000,0x00000000ebb80000)
 ParOldGen       total 68608K, used 35113K [0x00000000c0000000, 0x00000000c4300000, 0x00000000eab00000)
  object space 68608K, 51% used [0x00000000c0000000,0x00000000c224a4e8,0x00000000c4300000)
 Metaspace       used 58668K, committed 59776K, reserved 1114112K
  class space    used 6323K, committed 6784K, reserved 1048576K
}
Event: 5.541 GC heap before
{Heap before GC invocations=36 (full 3):
 PSYoungGen      total 14848K, used 13824K [0x00000000eab00000, 0x00000000ebc80000, 0x0000000100000000)
  eden space 13824K, 100% used [0x00000000eab00000,0x00000000eb880000,0x00000000eb880000)
  from space 1024K, 0% used [0x00000000ebb80000,0x00000000ebb80000,0x00000000ebc80000)
  to   space 1024K, 0% used [0x00000000eba80000,0x00000000eba80000,0x00000000ebb80000)
 ParOldGen       total 68608K, used 35113K [0x00000000c0000000, 0x00000000c4300000, 0x00000000eab00000)
  object space 68608K, 51% used [0x00000000c0000000,0x00000000c224a4e8,0x00000000c4300000)
 Metaspace       used 59495K, committed 60672K, reserved 1114112K
  class space    used 6386K, committed 6912K, reserved 1048576K
}
Event: 5.542 GC heap after
{Heap after GC invocations=36 (full 3):
 PSYoungGen      total 14848K, used 955K [0x00000000eab00000, 0x00000000ebc00000, 0x0000000100000000)
  eden space 13824K, 0% used [0x00000000eab00000,0x00000000eab00000,0x00000000eb880000)
  from space 1024K, 93% used [0x00000000eba80000,0x00000000ebb6edc0,0x00000000ebb80000)
  to   space 512K, 0% used [0x00000000ebb80000,0x00000000ebb80000,0x00000000ebc00000)
 ParOldGen       total 68608K, used 35294K [0x00000000c0000000, 0x00000000c4300000, 0x00000000eab00000)
  object space 68608K, 51% used [0x00000000c0000000,0x00000000c2277bd0,0x00000000c4300000)
 Metaspace       used 59495K, committed 60672K, reserved 1114112K
  class space    used 6386K, committed 6912K, reserved 1048576K
}
Event: 5.570 GC heap before
{Heap before GC invocations=37 (full 3):
 PSYoungGen      total 14848K, used 14779K [0x00000000eab00000, 0x00000000ebc00000, 0x0000000100000000)
  eden space 13824K, 100% used [0x00000000eab00000,0x00000000eb880000,0x00000000eb880000)
  from space 1024K, 93% used [0x00000000eba80000,0x00000000ebb6edc0,0x00000000ebb80000)
  to   space 512K, 0% used [0x00000000ebb80000,0x00000000ebb80000,0x00000000ebc00000)
 ParOldGen       total 68608K, used 35294K [0x00000000c0000000, 0x00000000c4300000, 0x00000000eab00000)
  object space 68608K, 51% used [0x00000000c0000000,0x00000000c2277bd0,0x00000000c4300000)
 Metaspace       used 59507K, committed 60672K, reserved 1114112K
  class space    used 6386K, committed 6912K, reserved 1048576K
}
Event: 5.571 GC heap after
{Heap after GC invocations=37 (full 3):
 PSYoungGen      total 14336K, used 502K [0x00000000eab00000, 0x00000000ebc00000, 0x0000000100000000)
  eden space 13824K, 0% used [0x00000000eab00000,0x00000000eab00000,0x00000000eb880000)
  from space 512K, 98% used [0x00000000ebb80000,0x00000000ebbfda88,0x00000000ebc00000)
  to   space 1536K, 0% used [0x00000000eb900000,0x00000000eb900000,0x00000000eba80000)
 ParOldGen       total 68608K, used 35851K [0x00000000c0000000, 0x00000000c4300000, 0x00000000eab00000)
  object space 68608K, 52% used [0x00000000c0000000,0x00000000c2302fb8,0x00000000c4300000)
 Metaspace       used 59507K, committed 60672K, reserved 1114112K
  class space    used 6386K, committed 6912K, reserved 1048576K
}
Event: 5.592 GC heap before
{Heap before GC invocations=38 (full 3):
 PSYoungGen      total 14336K, used 14326K [0x00000000eab00000, 0x00000000ebc00000, 0x0000000100000000)
  eden space 13824K, 100% used [0x00000000eab00000,0x00000000eb880000,0x00000000eb880000)
  from space 512K, 98% used [0x00000000ebb80000,0x00000000ebbfda88,0x00000000ebc00000)
  to   space 1536K, 0% used [0x00000000eb900000,0x00000000eb900000,0x00000000eba80000)
 ParOldGen       total 68608K, used 35851K [0x00000000c0000000, 0x00000000c4300000, 0x00000000eab00000)
  object space 68608K, 52% used [0x00000000c0000000,0x00000000c2302fb8,0x00000000c4300000)
 Metaspace       used 59510K, committed 60672K, reserved 1114112K
  class space    used 6386K, committed 6912K, reserved 1048576K
}
Event: 5.593 GC heap after
{Heap after GC invocations=38 (full 3):
 PSYoungGen      total 15360K, used 1068K [0x00000000eab00000, 0x00000000ebc00000, 0x0000000100000000)
  eden space 13824K, 0% used [0x00000000eab00000,0x00000000eab00000,0x00000000eb880000)
  from space 1536K, 69% used [0x00000000eb900000,0x00000000eba0b3f8,0x00000000eba80000)
  to   space 1536K, 0% used [0x00000000eba80000,0x00000000eba80000,0x00000000ebc00000)
 ParOldGen       total 68608K, used 35923K [0x00000000c0000000, 0x00000000c4300000, 0x00000000eab00000)
  object space 68608K, 52% used [0x00000000c0000000,0x00000000c2314fb8,0x00000000c4300000)
 Metaspace       used 59510K, committed 60672K, reserved 1114112K
  class space    used 6386K, committed 6912K, reserved 1048576K
}
Event: 5.780 GC heap before
{Heap before GC invocations=39 (full 3):
 PSYoungGen      total 15360K, used 14892K [0x00000000eab00000, 0x00000000ebc00000, 0x0000000100000000)
  eden space 13824K, 100% used [0x00000000eab00000,0x00000000eb880000,0x00000000eb880000)
  from space 1536K, 69% used [0x00000000eb900000,0x00000000eba0b3f8,0x00000000eba80000)
  to   space 1536K, 0% used [0x00000000eba80000,0x00000000eba80000,0x00000000ebc00000)
 ParOldGen       total 68608K, used 35923K [0x00000000c0000000, 0x00000000c4300000, 0x00000000eab00000)
  object space 68608K, 52% used [0x00000000c0000000,0x00000000c2314fb8,0x00000000c4300000)
 Metaspace       used 61695K, committed 62848K, reserved 1114112K
  class space    used 6593K, committed 7104K, reserved 1048576K
}
Event: 5.781 GC heap after
{Heap after GC invocations=39 (full 3):
 PSYoungGen      total 14336K, used 512K [0x00000000eab00000, 0x00000000ebb00000, 0x0000000100000000)
  eden space 13824K, 0% used [0x00000000eab00000,0x00000000eab00000,0x00000000eb880000)
  from space 512K, 100% used [0x00000000eba80000,0x00000000ebb00000,0x00000000ebb00000)
  to   space 1024K, 0% used [0x00000000eb900000,0x00000000eb900000,0x00000000eba00000)
 ParOldGen       total 68608K, used 35931K [0x00000000c0000000, 0x00000000c4300000, 0x00000000eab00000)
  object space 68608K, 52% used [0x00000000c0000000,0x00000000c2316fb8,0x00000000c4300000)
 Metaspace       used 61695K, committed 62848K, reserved 1114112K
  class space    used 6593K, committed 7104K, reserved 1048576K
}

